#
# A fatal error has been detected by the Java Runtime Environment:
#
#  EXCEPTION_ACCESS_VIOLATION (0xc0000005) at pc=0x10009e69, pid=3616, tid=2736
#
# JRE version: 6.0_17-b04
# Java VM: Java HotSpot(TM) Client VM (14.3-b01 mixed mode, sharing windows-x86 )
# Problematic frame:
# C  [rxtxSerial.dll+0x9e69]
#
# If you would like to submit a bug report, please visit:
#   http://java.sun.com/webapps/bugreport/crash.jsp
# The crash happened outside the Java Virtual Machine in native code.
# See problematic frame for where to report the bug.
#

---------------  T H R E A D  ---------------

Current thread (0x02ae5c00):  JavaThread "Thread-1" [_thread_in_native, id=2736, stack(0x02e20000,0x02e70000)]

siginfo: ExceptionCode=0xc0000005, writing address 0x02e1fa10

Registers:
EAX=0x02e1fa08, EBX=0x269a0d68, ECX=0x00000007, EDX=0x00000000
ESP=0x02e6f970, EBP=0x02e6fb58, ESI=0x269a0d60, EDI=0x02ae5c00
EIP=0x10009e69, EFLAGS=0x00010202

Top of Stack: (sp=0x02e6f970)
0x02e6f970:   269a0d68 6d9edff0 6da1fda0 ffffffff
0x02e6f980:   02e6f9b8 6d8ed52c 6d8ece40 02e6facc
0x02e6f990:   02e6f9d4 02e6f9d8 02ae5c00 02e1fa08
0x02e6f9a0:   00000005 00000000 00000001 00000001
0x02e6f9b0:   02b0c1c4 fffffffe 02e6fa64 6d8ed67a
0x02e6f9c0:   02e6facc 02b0c1c8 6da637e8 6da63ab4
0x02e6f9d0:   02e6f9d8 02b0c1c4 229b1528 229b1528
0x02e6f9e0:   22a29a40 02b0c194 00000001 02e6fa08 

Instructions: (pc=0x10009e69)
0x10009e59:   00 83 c4 10 8b 85 44 fe ff ff 8b 95 4c fe ff ff
0x10009e69:   89 50 08 b8 ff ff ff ff eb 5d 90 8b 85 44 fe ff 


Stack: [0x02e20000,0x02e70000],  sp=0x02e6f970,  free space=318k
Native frames: (J=compiled Java code, j=interpreted, Vv=VM code, C=native code)
C  [rxtxSerial.dll+0x9e69]
C  [rxtxSerial.dll+0xa05e]
j  gnu.io.RXTXPort.readByte()I+0
j  gnu.io.RXTXPort$SerialInputStream.read()I+61
j  XBeeHandle$PacketReader.run()V+15
j  java.lang.Thread.run()V+11
v  ~StubRoutines::call_stub
V  [jvm.dll+0xecf9c]
V  [jvm.dll+0x1741d1]
V  [jvm.dll+0xed167]
V  [jvm.dll+0xed1dd]
V  [jvm.dll+0x116290]
V  [jvm.dll+0x1d0414]
V  [jvm.dll+0x173e4c]
C  [msvcr71.dll+0x9565]
C  [kernel32.dll+0xb729]

Java frames: (J=compiled Java code, j=interpreted, Vv=VM code)
j  gnu.io.RXTXPort.readByte()I+0
j  gnu.io.RXTXPort$SerialInputStream.read()I+61
j  XBeeHandle$PacketReader.run()V+15
j  java.lang.Thread.run()V+11
v  ~StubRoutines::call_stub

---------------  P R O C E S S  ---------------

Java Threads: ( => current thread )
=>0x02ae5c00 JavaThread "Thread-1" [_thread_in_native, id=2736, stack(0x02e20000,0x02e70000)]
  0x02ab9c00 JavaThread "Low Memory Detector" daemon [_thread_blocked, id=2760, stack(0x02d30000,0x02d80000)]
  0x02ab5400 JavaThread "CompilerThread0" daemon [_thread_blocked, id=2116, stack(0x02ce0000,0x02d30000)]
  0x02ab2000 JavaThread "Attach Listener" daemon [_thread_blocked, id=2796, stack(0x02c90000,0x02ce0000)]
  0x02ab0c00 JavaThread "Signal Dispatcher" daemon [_thread_blocked, id=3908, stack(0x02c40000,0x02c90000)]
  0x02a6ec00 JavaThread "Finalizer" daemon [_thread_blocked, id=2512, stack(0x02bf0000,0x02c40000)]
  0x02a6d400 JavaThread "Reference Handler" daemon [_thread_blocked, id=2428, stack(0x02ba0000,0x02bf0000)]
  0x002b7400 JavaThread "main" [_thread_in_native, id=540, stack(0x008c0000,0x00910000)]

Other Threads:
  0x02a6bc00 VMThread [stack: 0x02b50000,0x02ba0000] [id=968]
  0x02abbc00 WatcherThread [stack: 0x02d80000,0x02dd0000] [id=2156]

VM state:not at safepoint (normal execution)

VM Mutex/Monitor currently owned by a thread: None

Heap
 def new generation   total 960K, used 666K [0x22990000, 0x22a90000, 0x22e70000)
  eden space 896K,  74% used [0x22990000, 0x22a36be0, 0x22a70000)
  from space 64K,   0% used [0x22a70000, 0x22a70000, 0x22a80000)
  to   space 64K,   0% used [0x22a80000, 0x22a80000, 0x22a90000)
 tenured generation   total 4096K, used 0K [0x22e70000, 0x23270000, 0x26990000)
   the space 4096K,   0% used [0x22e70000, 0x22e70000, 0x22e70200, 0x23270000)
 compacting perm gen  total 12288K, used 144K [0x26990000, 0x27590000, 0x2a990000)
   the space 12288K,   1% used [0x26990000, 0x269b4160, 0x269b4200, 0x27590000)
    ro space 8192K,  63% used [0x2a990000, 0x2aea8b20, 0x2aea8c00, 0x2b190000)
    rw space 12288K,  53% used [0x2b190000, 0x2b805138, 0x2b805200, 0x2bd90000)

Dynamic libraries:
0x00400000 - 0x00424000 	c:\WINDOWS\system32\java.exe
0x7c900000 - 0x7c9b2000 	C:\WINDOWS\system32\ntdll.dll
0x7c800000 - 0x7c8f6000 	C:\WINDOWS\system32\kernel32.dll
0x77dd0000 - 0x77e6b000 	C:\WINDOWS\system32\ADVAPI32.dll
0x77e70000 - 0x77f02000 	C:\WINDOWS\system32\RPCRT4.dll
0x77fe0000 - 0x77ff1000 	C:\WINDOWS\system32\Secur32.dll
0x7c340000 - 0x7c396000 	C:\Program Files\Java\jre6\bin\msvcr71.dll
0x6d800000 - 0x6da8b000 	C:\Program Files\Java\jre6\bin\client\jvm.dll
0x7e410000 - 0x7e4a1000 	C:\WINDOWS\system32\USER32.dll
0x77f10000 - 0x77f59000 	C:\WINDOWS\system32\GDI32.dll
0x76b40000 - 0x76b6d000 	c:\WINDOWS\system32\WINMM.dll
0x76390000 - 0x763ad000 	C:\WINDOWS\system32\IMM32.DLL
0x6d7b0000 - 0x6d7bc000 	C:\Program Files\Java\jre6\bin\verify.dll
0x6d330000 - 0x6d34f000 	C:\Program Files\Java\jre6\bin\java.dll
0x6d290000 - 0x6d298000 	C:\Program Files\Java\jre6\bin\hpi.dll
0x76bf0000 - 0x76bfb000 	c:\WINDOWS\system32\PSAPI.DLL
0x6d7f0000 - 0x6d7ff000 	C:\Program Files\Java\jre6\bin\zip.dll
0x10000000 - 0x10012000 	C:\Program Files\Java\jre6\bin\rxtxSerial.dll
0x73d90000 - 0x73db7000 	c:\WINDOWS\system32\crtdll.dll

VM Arguments:
java_command: handle_test
Launcher Type: SUN_STANDARD

Environment Variables:
PATH=C:\cygwin\usr\local\bin;C:\cygwin\bin;C:\cygwin\bin;C:\cygwin\usr\X11R6\bin;C:\cygwin\usr\local\bin;C:\cygwin\bin;C:\cygwin\bin;C:\cygwin\usr\X11R6\bin;c:\Perl\site\bin;c:\Perl\bin;c:\Program Files\ActiveState Perl Dev Kit 6.0\bin\;c:\Perl\bin;c:\Program Files\MiKTeX 2.5\miktex\bin;c:\WINDOWS\system32;c:\WINDOWS;c:\WINDOWS\System32\Wbem;c:\Program Files\Microsoft SQL Server\80\Tools\Binn\;c:\Program Files\Common Files\Ulead Systems\MPEG;c:\Program Files\Common Files\GTK\2.0\bin;c:\WINDOWS\system32\WindowsPowerShell\v1.0;c:\gtk\bin;c:\Program Files\Palm\SDK\bin;c:\Program Files\Microsoft Visual Studio\Common\MSDev98\Bin;c:\Program Files\Microsoft Visual Studio\Common\Tools;c:\Program Files\Microsoft Visual Studio\VC98\bin;c:\perl\bin;c:\perl\site\bin;C:\cygwin\bin;c:\gd\bin;c:\xml2\bin;c:\sdl\bin;c:\Program Files\OpenVPN\bin;c:\Program Files\Java\jdk1.6.0_17\bin;C:\cygwin\bin;C:\cygwin\bin;C:\cygwin\bin;C:\cygwin\usr\sbin;C:\cygwin\home\jettero\bin;C:\cygwin\home\jettero\.jbash\jbin;c:\Program Files\Java\jdk1.6.0_17\bin
USERNAME=jettero
DISPLAY=:0
OS=Windows_NT
PROCESSOR_IDENTIFIER=x86 Family 6 Model 14 Stepping 8, GenuineIntel



---------------  S Y S T E M  ---------------

OS: Windows XP Build 2600 Service Pack 3

CPU:total 2 (2 cores per cpu, 1 threads per core) family 6 model 14 stepping 8, cmov, cx8, fxsr, mmx, sse, sse2, sse3

Memory: 4k page, physical 2095480k(1454240k free), swap 2724640k(2105888k free)

vm_info: Java HotSpot(TM) Client VM (14.3-b01) for windows-x86 JRE (1.6.0_17-b04), built on Oct 11 2009 00:52:06 by "java_re" with MS VC++ 7.1

time: Fri Nov 20 22:06:21 2009
elapsed time: 5 seconds

